
=== Mon Dec  2 09:27:19 2019

Packages were changed.
Update Mode: updateDependencies

The following packages were updated:
  com.unity.ide.vscode from version 1.1.0 to 1.1.3
  com.unity.postprocessing from version 2.1.7 to 2.2.1
  com.unity.probuilder from version 4.0.5 to 4.1.0
  com.unity.test-framework from version 1.0.18 to 1.1.3
The following packages were removed:
  com.unity.package-manager-ui@2.2.0

=== Fri Oct 23 16:35:45 2020

Packages were changed.
Update Mode: updateDependencies

The following packages were added:
  com.unity.ide.visualstudio@2.0.2
The following packages were updated:
  com.unity.analytics from version 3.3.4 to 3.3.5
  com.unity.cinemachine from version 2.4.0-preview.8 to 2.5.0
  com.unity.ide.vscode from version 1.1.3 to 1.2.1
  com.unity.inputsystem from version 1.0.0-preview.3 to 1.0.0
  com.unity.postprocessing from version 2.2.2 to 2.3.0
  com.unity.test-framework from version 1.1.8 to 1.1.16
  com.unity.xr.legacyinputhelpers from version 1.3.8 to 2.1.4
